{"C:\\Users\\tasha\\Documents\\VS Code\\Web\\fanfiction-project\\back\\knexfile.js": {"path":"C:\\Users\\tasha\\Documents\\VS Code\\Web\\fanfiction-project\\back\\knexfile.js","statementMap":{"0":{"start":{"line":1,"column":0},"end":{"line":1,"column":27}},"1":{"start":{"line":3,"column":0},"end":{"line":18,"column":2}}},"fnMap":{},"branchMap":{},"s":{"0":1,"1":1},"f":{},"b":{},"_coverageSchema":"1a1c01bbd47fc00a2c39e90264f33305004495a9","hash":"63079e8b46ad75a53e657da83a2c164bf1dcdaec"}
,"C:\\Users\\tasha\\Documents\\VS Code\\Web\\fanfiction-project\\back\\controllers\\users.js": {"path":"C:\\Users\\tasha\\Documents\\VS Code\\Web\\fanfiction-project\\back\\controllers\\users.js","statementMap":{"0":{"start":{"line":1,"column":28},"end":{"line":1,"column":67}},"1":{"start":{"line":2,"column":13},"end":{"line":2,"column":35}},"2":{"start":{"line":3,"column":25},"end":{"line":3,"column":61}},"3":{"start":{"line":4,"column":20},"end":{"line":4,"column":41}},"4":{"start":{"line":5,"column":32},"end":{"line":5,"column":63}},"5":{"start":{"line":8,"column":0},"end":{"line":31,"column":2}},"6":{"start":{"line":9,"column":26},"end":{"line":11,"column":42}},"7":{"start":{"line":12,"column":2},"end":{"line":14,"column":3}},"8":{"start":{"line":13,"column":4},"end":{"line":13,"column":77}},"9":{"start":{"line":15,"column":26},"end":{"line":17,"column":42}},"10":{"start":{"line":18,"column":2},"end":{"line":20,"column":3}},"11":{"start":{"line":19,"column":4},"end":{"line":19,"column":66}},"12":{"start":{"line":21,"column":27},"end":{"line":29,"column":20}},"13":{"start":{"line":30,"column":2},"end":{"line":30,"column":20}},"14":{"start":{"line":34,"column":0},"end":{"line":82,"column":2}},"15":{"start":{"line":35,"column":27},"end":{"line":35,"column":41}},"16":{"start":{"line":36,"column":17},"end":{"line":38,"column":26}},"17":{"start":{"line":39,"column":2},"end":{"line":44,"column":3}},"18":{"start":{"line":40,"column":4},"end":{"line":43,"column":6}},"19":{"start":{"line":45,"column":2},"end":{"line":50,"column":3}},"20":{"start":{"line":46,"column":4},"end":{"line":49,"column":6}},"21":{"start":{"line":51,"column":29},"end":{"line":57,"column":23}},"22":{"start":{"line":58,"column":20},"end":{"line":66,"column":4}},"23":{"start":{"line":67,"column":18},"end":{"line":75,"column":3}},"24":{"start":{"line":76,"column":2},"end":{"line":80,"column":5}},"25":{"start":{"line":77,"column":4},"end":{"line":79,"column":5}},"26":{"start":{"line":78,"column":6},"end":{"line":78,"column":79}},"27":{"start":{"line":81,"column":2},"end":{"line":81,"column":12}},"28":{"start":{"line":85,"column":0},"end":{"line":104,"column":2}},"29":{"start":{"line":86,"column":63},"end":{"line":90,"column":41}},"30":{"start":{"line":91,"column":2},"end":{"line":102,"column":3}},"31":{"start":{"line":92,"column":4},"end":{"line":96,"column":7}},"32":{"start":{"line":98,"column":4},"end":{"line":101,"column":6}},"33":{"start":{"line":103,"column":2},"end":{"line":103,"column":12}},"34":{"start":{"line":107,"column":0},"end":{"line":119,"column":2}},"35":{"start":{"line":108,"column":17},"end":{"line":110,"column":42}},"36":{"start":{"line":111,"column":2},"end":{"line":113,"column":3}},"37":{"start":{"line":112,"column":4},"end":{"line":112,"column":76}},"38":{"start":{"line":114,"column":2},"end":{"line":118,"column":3}},"39":{"start":{"line":115,"column":4},"end":{"line":115,"column":76}},"40":{"start":{"line":117,"column":4},"end":{"line":117,"column":31}},"41":{"start":{"line":122,"column":0},"end":{"line":134,"column":2}},"42":{"start":{"line":123,"column":2},"end":{"line":133,"column":3}},"43":{"start":{"line":124,"column":4},"end":{"line":129,"column":7}},"44":{"start":{"line":130,"column":4},"end":{"line":130,"column":14}},"45":{"start":{"line":132,"column":4},"end":{"line":132,"column":69}},"46":{"start":{"line":137,"column":0},"end":{"line":147,"column":2}},"47":{"start":{"line":138,"column":2},"end":{"line":146,"column":3}},"48":{"start":{"line":139,"column":4},"end":{"line":142,"column":7}},"49":{"start":{"line":143,"column":4},"end":{"line":143,"column":14}},"50":{"start":{"line":145,"column":4},"end":{"line":145,"column":79}},"51":{"start":{"line":150,"column":0},"end":{"line":160,"column":2}},"52":{"start":{"line":151,"column":2},"end":{"line":159,"column":3}},"53":{"start":{"line":152,"column":4},"end":{"line":155,"column":7}},"54":{"start":{"line":156,"column":4},"end":{"line":156,"column":14}},"55":{"start":{"line":158,"column":4},"end":{"line":158,"column":79}},"56":{"start":{"line":163,"column":0},"end":{"line":173,"column":2}},"57":{"start":{"line":164,"column":2},"end":{"line":172,"column":3}},"58":{"start":{"line":165,"column":4},"end":{"line":168,"column":7}},"59":{"start":{"line":169,"column":4},"end":{"line":169,"column":14}},"60":{"start":{"line":171,"column":4},"end":{"line":171,"column":79}},"61":{"start":{"line":176,"column":0},"end":{"line":191,"column":2}},"62":{"start":{"line":181,"column":2},"end":{"line":190,"column":3}},"63":{"start":{"line":182,"column":4},"end":{"line":186,"column":7}},"64":{"start":{"line":187,"column":4},"end":{"line":187,"column":14}},"65":{"start":{"line":189,"column":4},"end":{"line":189,"column":79}},"66":{"start":{"line":194,"column":0},"end":{"line":237,"column":2}},"67":{"start":{"line":195,"column":27},"end":{"line":195,"column":41}},"68":{"start":{"line":196,"column":29},"end":{"line":202,"column":37}},"69":{"start":{"line":203,"column":20},"end":{"line":211,"column":4}},"70":{"start":{"line":212,"column":18},"end":{"line":223,"column":3}},"71":{"start":{"line":224,"column":2},"end":{"line":228,"column":5}},"72":{"start":{"line":225,"column":4},"end":{"line":227,"column":5}},"73":{"start":{"line":226,"column":6},"end":{"line":226,"column":79}},"74":{"start":{"line":229,"column":2},"end":{"line":236,"column":3}},"75":{"start":{"line":230,"column":4},"end":{"line":230,"column":14}},"76":{"start":{"line":232,"column":4},"end":{"line":235,"column":6}},"77":{"start":{"line":240,"column":0},"end":{"line":253,"column":2}},"78":{"start":{"line":241,"column":63},"end":{"line":245,"column":41}},"79":{"start":{"line":246,"column":2},"end":{"line":251,"column":3}},"80":{"start":{"line":247,"column":4},"end":{"line":250,"column":6}},"81":{"start":{"line":252,"column":2},"end":{"line":252,"column":14}},"82":{"start":{"line":256,"column":0},"end":{"line":269,"column":2}},"83":{"start":{"line":261,"column":2},"end":{"line":268,"column":3}},"84":{"start":{"line":262,"column":4},"end":{"line":264,"column":29}},"85":{"start":{"line":265,"column":4},"end":{"line":265,"column":14}},"86":{"start":{"line":267,"column":4},"end":{"line":267,"column":68}},"87":{"start":{"line":272,"column":0},"end":{"line":278,"column":2}},"88":{"start":{"line":273,"column":16},"end":{"line":276,"column":31}},"89":{"start":{"line":277,"column":2},"end":{"line":277,"column":15}},"90":{"start":{"line":281,"column":0},"end":{"line":300,"column":2}},"91":{"start":{"line":282,"column":17},"end":{"line":286,"column":11}},"92":{"start":{"line":287,"column":15},"end":{"line":287,"column":17}},"93":{"start":{"line":288,"column":2},"end":{"line":288,"column":23}},"94":{"start":{"line":289,"column":2},"end":{"line":289,"column":28}},"95":{"start":{"line":290,"column":2},"end":{"line":290,"column":26}},"96":{"start":{"line":291,"column":2},"end":{"line":291,"column":50}},"97":{"start":{"line":292,"column":2},"end":{"line":292,"column":36}},"98":{"start":{"line":293,"column":2},"end":{"line":298,"column":3}},"99":{"start":{"line":294,"column":4},"end":{"line":297,"column":6}},"100":{"start":{"line":299,"column":2},"end":{"line":299,"column":14}},"101":{"start":{"line":303,"column":0},"end":{"line":309,"column":2}},"102":{"start":{"line":304,"column":16},"end":{"line":307,"column":31}},"103":{"start":{"line":308,"column":2},"end":{"line":308,"column":15}}},"fnMap":{"0":{"name":"(anonymous_0)","decl":{"start":{"line":8,"column":19},"end":{"line":8,"column":20}},"loc":{"start":{"line":8,"column":57},"end":{"line":31,"column":1}},"line":8},"1":{"name":"(anonymous_1)","decl":{"start":{"line":34,"column":35},"end":{"line":34,"column":36}},"loc":{"start":{"line":34,"column":57},"end":{"line":82,"column":1}},"line":34},"2":{"name":"(anonymous_2)","decl":{"start":{"line":76,"column":36},"end":{"line":76,"column":37}},"loc":{"start":{"line":76,"column":51},"end":{"line":80,"column":3}},"line":76},"3":{"name":"(anonymous_3)","decl":{"start":{"line":85,"column":23},"end":{"line":85,"column":24}},"loc":{"start":{"line":85,"column":63},"end":{"line":104,"column":1}},"line":85},"4":{"name":"(anonymous_4)","decl":{"start":{"line":107,"column":16},"end":{"line":107,"column":17}},"loc":{"start":{"line":107,"column":47},"end":{"line":119,"column":1}},"line":107},"5":{"name":"(anonymous_5)","decl":{"start":{"line":122,"column":22},"end":{"line":122,"column":23}},"loc":{"start":{"line":122,"column":68},"end":{"line":134,"column":1}},"line":122},"6":{"name":"(anonymous_6)","decl":{"start":{"line":137,"column":21},"end":{"line":137,"column":22}},"loc":{"start":{"line":137,"column":49},"end":{"line":147,"column":1}},"line":137},"7":{"name":"(anonymous_7)","decl":{"start":{"line":150,"column":28},"end":{"line":150,"column":29}},"loc":{"start":{"line":150,"column":50},"end":{"line":160,"column":1}},"line":150},"8":{"name":"(anonymous_8)","decl":{"start":{"line":163,"column":26},"end":{"line":163,"column":27}},"loc":{"start":{"line":163,"column":48},"end":{"line":173,"column":1}},"line":163},"9":{"name":"(anonymous_9)","decl":{"start":{"line":176,"column":28},"end":{"line":176,"column":29}},"loc":{"start":{"line":180,"column":6},"end":{"line":191,"column":1}},"line":180},"10":{"name":"(anonymous_10)","decl":{"start":{"line":194,"column":33},"end":{"line":194,"column":34}},"loc":{"start":{"line":194,"column":54},"end":{"line":237,"column":1}},"line":194},"11":{"name":"(anonymous_11)","decl":{"start":{"line":224,"column":36},"end":{"line":224,"column":37}},"loc":{"start":{"line":224,"column":51},"end":{"line":228,"column":3}},"line":224},"12":{"name":"(anonymous_12)","decl":{"start":{"line":240,"column":40},"end":{"line":240,"column":41}},"loc":{"start":{"line":240,"column":79},"end":{"line":253,"column":1}},"line":240},"13":{"name":"(anonymous_13)","decl":{"start":{"line":256,"column":26},"end":{"line":256,"column":27}},"loc":{"start":{"line":260,"column":6},"end":{"line":269,"column":1}},"line":260},"14":{"name":"(anonymous_14)","decl":{"start":{"line":272,"column":22},"end":{"line":272,"column":23}},"loc":{"start":{"line":272,"column":58},"end":{"line":278,"column":1}},"line":272},"15":{"name":"(anonymous_15)","decl":{"start":{"line":281,"column":22},"end":{"line":281,"column":23}},"loc":{"start":{"line":281,"column":56},"end":{"line":300,"column":1}},"line":281},"16":{"name":"(anonymous_16)","decl":{"start":{"line":303,"column":26},"end":{"line":303,"column":27}},"loc":{"start":{"line":303,"column":69},"end":{"line":309,"column":1}},"line":303}},"branchMap":{"0":{"loc":{"start":{"line":12,"column":2},"end":{"line":14,"column":3}},"type":"if","locations":[{"start":{"line":12,"column":2},"end":{"line":14,"column":3}},{"start":{},"end":{}}],"line":12},"1":{"loc":{"start":{"line":18,"column":2},"end":{"line":20,"column":3}},"type":"if","locations":[{"start":{"line":18,"column":2},"end":{"line":20,"column":3}},{"start":{},"end":{}}],"line":18},"2":{"loc":{"start":{"line":39,"column":2},"end":{"line":44,"column":3}},"type":"if","locations":[{"start":{"line":39,"column":2},"end":{"line":44,"column":3}},{"start":{},"end":{}}],"line":39},"3":{"loc":{"start":{"line":45,"column":2},"end":{"line":50,"column":3}},"type":"if","locations":[{"start":{"line":45,"column":2},"end":{"line":50,"column":3}},{"start":{},"end":{}}],"line":45},"4":{"loc":{"start":{"line":77,"column":4},"end":{"line":79,"column":5}},"type":"if","locations":[{"start":{"line":77,"column":4},"end":{"line":79,"column":5}},{"start":{},"end":{}}],"line":77},"5":{"loc":{"start":{"line":91,"column":2},"end":{"line":102,"column":3}},"type":"if","locations":[{"start":{"line":91,"column":2},"end":{"line":102,"column":3}},{"start":{"line":97,"column":9},"end":{"line":102,"column":3}}],"line":91},"6":{"loc":{"start":{"line":111,"column":2},"end":{"line":113,"column":3}},"type":"if","locations":[{"start":{"line":111,"column":2},"end":{"line":113,"column":3}},{"start":{},"end":{}}],"line":111},"7":{"loc":{"start":{"line":114,"column":2},"end":{"line":118,"column":3}},"type":"if","locations":[{"start":{"line":114,"column":2},"end":{"line":118,"column":3}},{"start":{"line":116,"column":9},"end":{"line":118,"column":3}}],"line":114},"8":{"loc":{"start":{"line":225,"column":4},"end":{"line":227,"column":5}},"type":"if","locations":[{"start":{"line":225,"column":4},"end":{"line":227,"column":5}},{"start":{},"end":{}}],"line":225},"9":{"loc":{"start":{"line":229,"column":2},"end":{"line":236,"column":3}},"type":"if","locations":[{"start":{"line":229,"column":2},"end":{"line":236,"column":3}},{"start":{"line":231,"column":9},"end":{"line":236,"column":3}}],"line":229},"10":{"loc":{"start":{"line":246,"column":2},"end":{"line":251,"column":3}},"type":"if","locations":[{"start":{"line":246,"column":2},"end":{"line":251,"column":3}},{"start":{},"end":{}}],"line":246},"11":{"loc":{"start":{"line":259,"column":2},"end":{"line":259,"column":22}},"type":"default-arg","locations":[{"start":{"line":259,"column":17},"end":{"line":259,"column":22}}],"line":259},"12":{"loc":{"start":{"line":261,"column":2},"end":{"line":268,"column":3}},"type":"if","locations":[{"start":{"line":261,"column":2},"end":{"line":268,"column":3}},{"start":{"line":266,"column":9},"end":{"line":268,"column":3}}],"line":261},"13":{"loc":{"start":{"line":272,"column":31},"end":{"line":272,"column":41}},"type":"default-arg","locations":[{"start":{"line":272,"column":39},"end":{"line":272,"column":41}}],"line":272},"14":{"loc":{"start":{"line":272,"column":43},"end":{"line":272,"column":51}},"type":"default-arg","locations":[{"start":{"line":272,"column":50},"end":{"line":272,"column":51}}],"line":272},"15":{"loc":{"start":{"line":281,"column":39},"end":{"line":281,"column":49}},"type":"default-arg","locations":[{"start":{"line":281,"column":44},"end":{"line":281,"column":49}}],"line":281},"16":{"loc":{"start":{"line":293,"column":2},"end":{"line":298,"column":3}},"type":"if","locations":[{"start":{"line":293,"column":2},"end":{"line":298,"column":3}},{"start":{},"end":{}}],"line":293},"17":{"loc":{"start":{"line":303,"column":42},"end":{"line":303,"column":52}},"type":"default-arg","locations":[{"start":{"line":303,"column":50},"end":{"line":303,"column":52}}],"line":303},"18":{"loc":{"start":{"line":303,"column":54},"end":{"line":303,"column":62}},"type":"default-arg","locations":[{"start":{"line":303,"column":61},"end":{"line":303,"column":62}}],"line":303}},"s":{"0":1,"1":1,"2":1,"3":1,"4":1,"5":1,"6":0,"7":0,"8":0,"9":0,"10":0,"11":0,"12":0,"13":0,"14":1,"15":0,"16":0,"17":0,"18":0,"19":0,"20":0,"21":0,"22":0,"23":0,"24":0,"25":0,"26":0,"27":0,"28":1,"29":0,"30":0,"31":0,"32":0,"33":0,"34":1,"35":2,"36":2,"37":0,"38":2,"39":1,"40":1,"41":1,"42":0,"43":0,"44":0,"45":0,"46":1,"47":0,"48":0,"49":0,"50":0,"51":1,"52":0,"53":0,"54":0,"55":0,"56":1,"57":0,"58":0,"59":0,"60":0,"61":1,"62":0,"63":0,"64":0,"65":0,"66":1,"67":0,"68":0,"69":0,"70":0,"71":0,"72":0,"73":0,"74":0,"75":0,"76":0,"77":1,"78":0,"79":0,"80":0,"81":0,"82":1,"83":0,"84":0,"85":0,"86":0,"87":1,"88":0,"89":0,"90":1,"91":0,"92":0,"93":0,"94":0,"95":0,"96":0,"97":0,"98":0,"99":0,"100":0,"101":1,"102":0,"103":0},"f":{"0":0,"1":0,"2":0,"3":0,"4":2,"5":0,"6":0,"7":0,"8":0,"9":0,"10":0,"11":0,"12":0,"13":0,"14":0,"15":0,"16":0},"b":{"0":[0,0],"1":[0,0],"2":[0,0],"3":[0,0],"4":[0,0],"5":[0,0],"6":[0,2],"7":[1,1],"8":[0,0],"9":[0,0],"10":[0,0],"11":[0],"12":[0,0],"13":[0],"14":[0],"15":[0],"16":[0,0],"17":[0],"18":[0]},"_coverageSchema":"1a1c01bbd47fc00a2c39e90264f33305004495a9","hash":"5b794b1dfc312edc4b556c4fe21948b3f28abc2b"}
,"C:\\Users\\tasha\\Documents\\VS Code\\Web\\fanfiction-project\\back\\seeds\\admin_account.js": {"path":"C:\\Users\\tasha\\Documents\\VS Code\\Web\\fanfiction-project\\back\\seeds\\admin_account.js","statementMap":{"0":{"start":{"line":1,"column":21},"end":{"line":1,"column":52}},"1":{"start":{"line":7,"column":0},"end":{"line":16,"column":2}},"2":{"start":{"line":8,"column":2},"end":{"line":8,"column":65}},"3":{"start":{"line":9,"column":2},"end":{"line":15,"column":5}}},"fnMap":{"0":{"name":"(anonymous_0)","decl":{"start":{"line":7,"column":15},"end":{"line":7,"column":16}},"loc":{"start":{"line":7,"column":37},"end":{"line":16,"column":1}},"line":7}},"branchMap":{},"s":{"0":1,"1":1,"2":2,"3":2},"f":{"0":2},"b":{},"_coverageSchema":"1a1c01bbd47fc00a2c39e90264f33305004495a9","hash":"26223838455b16517c8f2e9165fcf5f0a2464675"}
,"C:\\Users\\tasha\\Documents\\VS Code\\Web\\fanfiction-project\\back\\seeds\\wipe.js": {"path":"C:\\Users\\tasha\\Documents\\VS Code\\Web\\fanfiction-project\\back\\seeds\\wipe.js","statementMap":{"0":{"start":{"line":5,"column":0},"end":{"line":28,"column":2}},"1":{"start":{"line":6,"column":2},"end":{"line":6,"column":41}},"2":{"start":{"line":7,"column":2},"end":{"line":7,"column":37}},"3":{"start":{"line":8,"column":2},"end":{"line":8,"column":38}},"4":{"start":{"line":9,"column":2},"end":{"line":9,"column":37}},"5":{"start":{"line":10,"column":2},"end":{"line":10,"column":40}},"6":{"start":{"line":11,"column":2},"end":{"line":11,"column":36}},"7":{"start":{"line":12,"column":2},"end":{"line":12,"column":34}},"8":{"start":{"line":13,"column":2},"end":{"line":13,"column":44}},"9":{"start":{"line":14,"column":2},"end":{"line":14,"column":39}},"10":{"start":{"line":15,"column":2},"end":{"line":15,"column":38}},"11":{"start":{"line":16,"column":2},"end":{"line":16,"column":40}},"12":{"start":{"line":17,"column":2},"end":{"line":17,"column":30}},"13":{"start":{"line":18,"column":2},"end":{"line":18,"column":34}},"14":{"start":{"line":19,"column":2},"end":{"line":19,"column":29}},"15":{"start":{"line":20,"column":2},"end":{"line":20,"column":31}},"16":{"start":{"line":21,"column":2},"end":{"line":21,"column":30}},"17":{"start":{"line":22,"column":2},"end":{"line":22,"column":27}},"18":{"start":{"line":23,"column":2},"end":{"line":23,"column":31}},"19":{"start":{"line":24,"column":2},"end":{"line":24,"column":28}},"20":{"start":{"line":25,"column":2},"end":{"line":25,"column":27}},"21":{"start":{"line":26,"column":2},"end":{"line":26,"column":28}},"22":{"start":{"line":27,"column":2},"end":{"line":27,"column":28}}},"fnMap":{"0":{"name":"(anonymous_0)","decl":{"start":{"line":5,"column":15},"end":{"line":5,"column":16}},"loc":{"start":{"line":5,"column":37},"end":{"line":28,"column":1}},"line":5}},"branchMap":{},"s":{"0":1,"1":2,"2":2,"3":2,"4":2,"5":2,"6":2,"7":2,"8":2,"9":2,"10":2,"11":2,"12":2,"13":2,"14":2,"15":2,"16":2,"17":2,"18":2,"19":2,"20":2,"21":2,"22":2},"f":{"0":2},"b":{},"_coverageSchema":"1a1c01bbd47fc00a2c39e90264f33305004495a9","hash":"311c8da6de4c4f02f5cc53e07cfaabf6c2bfeda6"}
,"C:\\Users\\tasha\\Documents\\VS Code\\Web\\fanfiction-project\\back\\utils\\ControllerException.js": {"path":"C:\\Users\\tasha\\Documents\\VS Code\\Web\\fanfiction-project\\back\\utils\\ControllerException.js","statementMap":{"0":{"start":{"line":3,"column":8},"end":{"line":3,"column":16}},"1":{"start":{"line":4,"column":8},"end":{"line":4,"column":31}},"2":{"start":{"line":5,"column":8},"end":{"line":5,"column":43}},"3":{"start":{"line":6,"column":8},"end":{"line":6,"column":34}},"4":{"start":{"line":10,"column":0},"end":{"line":10,"column":37}}},"fnMap":{"0":{"name":"(anonymous_0)","decl":{"start":{"line":2,"column":4},"end":{"line":2,"column":5}},"loc":{"start":{"line":2,"column":31},"end":{"line":7,"column":5}},"line":2}},"branchMap":{},"s":{"0":1,"1":1,"2":1,"3":1,"4":1},"f":{"0":1},"b":{},"_coverageSchema":"1a1c01bbd47fc00a2c39e90264f33305004495a9","hash":"bf2463f64b81f4697f1e37d1a2eaf9eb77221f34"}
,"C:\\Users\\tasha\\Documents\\VS Code\\Web\\fanfiction-project\\back\\utils\\confirmationCode.js": {"path":"C:\\Users\\tasha\\Documents\\VS Code\\Web\\fanfiction-project\\back\\utils\\confirmationCode.js","statementMap":{"0":{"start":{"line":1,"column":0},"end":{"line":10,"column":2}},"1":{"start":{"line":2,"column":15},"end":{"line":2,"column":17}},"2":{"start":{"line":4,"column":4},"end":{"line":4,"column":68}},"3":{"start":{"line":5,"column":25},"end":{"line":5,"column":42}},"4":{"start":{"line":6,"column":2},"end":{"line":8,"column":3}},"5":{"start":{"line":6,"column":15},"end":{"line":6,"column":16}},"6":{"start":{"line":7,"column":4},"end":{"line":7,"column":78}},"7":{"start":{"line":9,"column":2},"end":{"line":9,"column":16}}},"fnMap":{"0":{"name":"(anonymous_0)","decl":{"start":{"line":1,"column":23},"end":{"line":1,"column":24}},"loc":{"start":{"line":1,"column":39},"end":{"line":10,"column":1}},"line":1}},"branchMap":{"0":{"loc":{"start":{"line":1,"column":24},"end":{"line":1,"column":34}},"type":"default-arg","locations":[{"start":{"line":1,"column":33},"end":{"line":1,"column":34}}],"line":1}},"s":{"0":1,"1":0,"2":0,"3":0,"4":0,"5":0,"6":0,"7":0},"f":{"0":0},"b":{"0":[0]},"_coverageSchema":"1a1c01bbd47fc00a2c39e90264f33305004495a9","hash":"eaa8e23ca36c1a036c5a68534558279ce9b3a817"}
,"C:\\Users\\tasha\\Documents\\VS Code\\Web\\fanfiction-project\\back\\utils\\db.js": {"path":"C:\\Users\\tasha\\Documents\\VS Code\\Web\\fanfiction-project\\back\\utils\\db.js","statementMap":{"0":{"start":{"line":1,"column":13},"end":{"line":1,"column":28}},"1":{"start":{"line":2,"column":15},"end":{"line":2,"column":37}},"2":{"start":{"line":4,"column":0},"end":{"line":4,"column":30}}},"fnMap":{},"branchMap":{},"s":{"0":1,"1":1,"2":1},"f":{},"b":{},"_coverageSchema":"1a1c01bbd47fc00a2c39e90264f33305004495a9","hash":"cc7d1fd7af192e2e4b943b7e8e6d65d32b4f86dd"}
,"C:\\Users\\tasha\\Documents\\VS Code\\Web\\fanfiction-project\\back\\utils\\passHashing.js": {"path":"C:\\Users\\tasha\\Documents\\VS Code\\Web\\fanfiction-project\\back\\utils\\passHashing.js","statementMap":{"0":{"start":{"line":1,"column":15},"end":{"line":1,"column":32}},"1":{"start":{"line":3,"column":0},"end":{"line":6,"column":2}},"2":{"start":{"line":4,"column":15},"end":{"line":4,"column":39}},"3":{"start":{"line":5,"column":2},"end":{"line":5,"column":43}},"4":{"start":{"line":8,"column":0},"end":{"line":10,"column":2}},"5":{"start":{"line":9,"column":2},"end":{"line":9,"column":52}}},"fnMap":{"0":{"name":"(anonymous_0)","decl":{"start":{"line":3,"column":19},"end":{"line":3,"column":20}},"loc":{"start":{"line":3,"column":39},"end":{"line":6,"column":1}},"line":3},"1":{"name":"(anonymous_1)","decl":{"start":{"line":8,"column":20},"end":{"line":8,"column":21}},"loc":{"start":{"line":8,"column":52},"end":{"line":10,"column":1}},"line":8}},"branchMap":{},"s":{"0":1,"1":1,"2":2,"3":2,"4":1,"5":2},"f":{"0":2,"1":2},"b":{},"_coverageSchema":"1a1c01bbd47fc00a2c39e90264f33305004495a9","hash":"d7e7f96541dddc69d933bda1be8477e1d7b96cae"}
}
