{"C:\\Users\\tasha\\Documents\\VS Code\\Web\\fanfiction-project\\back\\knexfile.js": {"path":"C:\\Users\\tasha\\Documents\\VS Code\\Web\\fanfiction-project\\back\\knexfile.js","statementMap":{"0":{"start":{"line":1,"column":0},"end":{"line":1,"column":27}},"1":{"start":{"line":3,"column":0},"end":{"line":18,"column":2}}},"fnMap":{},"branchMap":{},"s":{"0":1,"1":1},"f":{},"b":{},"_coverageSchema":"1a1c01bbd47fc00a2c39e90264f33305004495a9","hash":"63079e8b46ad75a53e657da83a2c164bf1dcdaec"}
,"C:\\Users\\tasha\\Documents\\VS Code\\Web\\fanfiction-project\\back\\controllers\\users.js": {"path":"C:\\Users\\tasha\\Documents\\VS Code\\Web\\fanfiction-project\\back\\controllers\\users.js","statementMap":{"0":{"start":{"line":1,"column":28},"end":{"line":1,"column":67}},"1":{"start":{"line":2,"column":13},"end":{"line":2,"column":35}},"2":{"start":{"line":3,"column":25},"end":{"line":3,"column":61}},"3":{"start":{"line":4,"column":20},"end":{"line":4,"column":41}},"4":{"start":{"line":5,"column":32},"end":{"line":5,"column":63}},"5":{"start":{"line":8,"column":0},"end":{"line":25,"column":2}},"6":{"start":{"line":9,"column":26},"end":{"line":11,"column":42}},"7":{"start":{"line":12,"column":2},"end":{"line":14,"column":3}},"8":{"start":{"line":13,"column":4},"end":{"line":13,"column":77}},"9":{"start":{"line":15,"column":26},"end":{"line":17,"column":42}},"10":{"start":{"line":18,"column":2},"end":{"line":20,"column":3}},"11":{"start":{"line":19,"column":4},"end":{"line":19,"column":66}},"12":{"start":{"line":21,"column":27},"end":{"line":23,"column":20}},"13":{"start":{"line":24,"column":2},"end":{"line":24,"column":20}},"14":{"start":{"line":28,"column":0},"end":{"line":76,"column":2}},"15":{"start":{"line":29,"column":27},"end":{"line":29,"column":41}},"16":{"start":{"line":30,"column":17},"end":{"line":32,"column":26}},"17":{"start":{"line":33,"column":2},"end":{"line":38,"column":3}},"18":{"start":{"line":34,"column":4},"end":{"line":37,"column":6}},"19":{"start":{"line":39,"column":2},"end":{"line":44,"column":3}},"20":{"start":{"line":40,"column":4},"end":{"line":43,"column":6}},"21":{"start":{"line":45,"column":29},"end":{"line":51,"column":23}},"22":{"start":{"line":52,"column":20},"end":{"line":60,"column":4}},"23":{"start":{"line":61,"column":18},"end":{"line":69,"column":3}},"24":{"start":{"line":70,"column":2},"end":{"line":74,"column":5}},"25":{"start":{"line":71,"column":4},"end":{"line":73,"column":5}},"26":{"start":{"line":72,"column":6},"end":{"line":72,"column":79}},"27":{"start":{"line":75,"column":2},"end":{"line":75,"column":12}},"28":{"start":{"line":79,"column":0},"end":{"line":97,"column":2}},"29":{"start":{"line":80,"column":63},"end":{"line":84,"column":41}},"30":{"start":{"line":85,"column":2},"end":{"line":95,"column":3}},"31":{"start":{"line":86,"column":4},"end":{"line":89,"column":7}},"32":{"start":{"line":91,"column":4},"end":{"line":94,"column":6}},"33":{"start":{"line":96,"column":2},"end":{"line":96,"column":12}},"34":{"start":{"line":100,"column":0},"end":{"line":109,"column":2}},"35":{"start":{"line":101,"column":17},"end":{"line":103,"column":42}},"36":{"start":{"line":104,"column":2},"end":{"line":108,"column":3}},"37":{"start":{"line":105,"column":4},"end":{"line":105,"column":76}},"38":{"start":{"line":107,"column":4},"end":{"line":107,"column":31}},"39":{"start":{"line":112,"column":0},"end":{"line":124,"column":2}},"40":{"start":{"line":113,"column":2},"end":{"line":123,"column":3}},"41":{"start":{"line":114,"column":4},"end":{"line":119,"column":7}},"42":{"start":{"line":120,"column":4},"end":{"line":120,"column":14}},"43":{"start":{"line":122,"column":4},"end":{"line":122,"column":69}},"44":{"start":{"line":127,"column":0},"end":{"line":137,"column":2}},"45":{"start":{"line":128,"column":2},"end":{"line":136,"column":3}},"46":{"start":{"line":129,"column":4},"end":{"line":132,"column":7}},"47":{"start":{"line":133,"column":4},"end":{"line":133,"column":14}},"48":{"start":{"line":135,"column":4},"end":{"line":135,"column":79}},"49":{"start":{"line":140,"column":0},"end":{"line":150,"column":2}},"50":{"start":{"line":141,"column":2},"end":{"line":149,"column":3}},"51":{"start":{"line":142,"column":4},"end":{"line":145,"column":7}},"52":{"start":{"line":146,"column":4},"end":{"line":146,"column":14}},"53":{"start":{"line":148,"column":4},"end":{"line":148,"column":79}},"54":{"start":{"line":153,"column":0},"end":{"line":163,"column":2}},"55":{"start":{"line":154,"column":2},"end":{"line":162,"column":3}},"56":{"start":{"line":155,"column":4},"end":{"line":158,"column":7}},"57":{"start":{"line":159,"column":4},"end":{"line":159,"column":14}},"58":{"start":{"line":161,"column":4},"end":{"line":161,"column":79}},"59":{"start":{"line":166,"column":0},"end":{"line":181,"column":2}},"60":{"start":{"line":171,"column":2},"end":{"line":180,"column":3}},"61":{"start":{"line":172,"column":4},"end":{"line":176,"column":7}},"62":{"start":{"line":177,"column":4},"end":{"line":177,"column":14}},"63":{"start":{"line":179,"column":4},"end":{"line":179,"column":79}},"64":{"start":{"line":184,"column":0},"end":{"line":225,"column":2}},"65":{"start":{"line":185,"column":27},"end":{"line":185,"column":41}},"66":{"start":{"line":186,"column":29},"end":{"line":192,"column":37}},"67":{"start":{"line":193,"column":20},"end":{"line":201,"column":4}},"68":{"start":{"line":202,"column":18},"end":{"line":211,"column":3}},"69":{"start":{"line":212,"column":2},"end":{"line":216,"column":5}},"70":{"start":{"line":213,"column":4},"end":{"line":215,"column":5}},"71":{"start":{"line":214,"column":6},"end":{"line":214,"column":79}},"72":{"start":{"line":217,"column":2},"end":{"line":224,"column":3}},"73":{"start":{"line":218,"column":4},"end":{"line":218,"column":14}},"74":{"start":{"line":220,"column":4},"end":{"line":223,"column":6}},"75":{"start":{"line":228,"column":0},"end":{"line":241,"column":2}},"76":{"start":{"line":229,"column":63},"end":{"line":233,"column":41}},"77":{"start":{"line":234,"column":2},"end":{"line":239,"column":3}},"78":{"start":{"line":235,"column":4},"end":{"line":238,"column":6}},"79":{"start":{"line":240,"column":2},"end":{"line":240,"column":14}},"80":{"start":{"line":244,"column":0},"end":{"line":257,"column":2}},"81":{"start":{"line":249,"column":2},"end":{"line":256,"column":3}},"82":{"start":{"line":250,"column":4},"end":{"line":252,"column":29}},"83":{"start":{"line":253,"column":4},"end":{"line":253,"column":14}},"84":{"start":{"line":255,"column":4},"end":{"line":255,"column":68}},"85":{"start":{"line":259,"column":0},"end":{"line":265,"column":2}},"86":{"start":{"line":260,"column":16},"end":{"line":263,"column":31}},"87":{"start":{"line":264,"column":2},"end":{"line":264,"column":15}},"88":{"start":{"line":267,"column":0},"end":{"line":278,"column":2}},"89":{"start":{"line":268,"column":17},"end":{"line":270,"column":26}},"90":{"start":{"line":271,"column":2},"end":{"line":276,"column":3}},"91":{"start":{"line":272,"column":4},"end":{"line":275,"column":6}},"92":{"start":{"line":277,"column":2},"end":{"line":277,"column":14}},"93":{"start":{"line":280,"column":0},"end":{"line":286,"column":2}},"94":{"start":{"line":281,"column":16},"end":{"line":284,"column":31}},"95":{"start":{"line":285,"column":2},"end":{"line":285,"column":15}}},"fnMap":{"0":{"name":"(anonymous_0)","decl":{"start":{"line":8,"column":19},"end":{"line":8,"column":20}},"loc":{"start":{"line":8,"column":57},"end":{"line":25,"column":1}},"line":8},"1":{"name":"(anonymous_1)","decl":{"start":{"line":28,"column":35},"end":{"line":28,"column":36}},"loc":{"start":{"line":28,"column":57},"end":{"line":76,"column":1}},"line":28},"2":{"name":"(anonymous_2)","decl":{"start":{"line":70,"column":36},"end":{"line":70,"column":37}},"loc":{"start":{"line":70,"column":51},"end":{"line":74,"column":3}},"line":70},"3":{"name":"(anonymous_3)","decl":{"start":{"line":79,"column":23},"end":{"line":79,"column":24}},"loc":{"start":{"line":79,"column":63},"end":{"line":97,"column":1}},"line":79},"4":{"name":"(anonymous_4)","decl":{"start":{"line":100,"column":16},"end":{"line":100,"column":17}},"loc":{"start":{"line":100,"column":47},"end":{"line":109,"column":1}},"line":100},"5":{"name":"(anonymous_5)","decl":{"start":{"line":112,"column":22},"end":{"line":112,"column":23}},"loc":{"start":{"line":112,"column":68},"end":{"line":124,"column":1}},"line":112},"6":{"name":"(anonymous_6)","decl":{"start":{"line":127,"column":21},"end":{"line":127,"column":22}},"loc":{"start":{"line":127,"column":49},"end":{"line":137,"column":1}},"line":127},"7":{"name":"(anonymous_7)","decl":{"start":{"line":140,"column":28},"end":{"line":140,"column":29}},"loc":{"start":{"line":140,"column":50},"end":{"line":150,"column":1}},"line":140},"8":{"name":"(anonymous_8)","decl":{"start":{"line":153,"column":26},"end":{"line":153,"column":27}},"loc":{"start":{"line":153,"column":48},"end":{"line":163,"column":1}},"line":153},"9":{"name":"(anonymous_9)","decl":{"start":{"line":166,"column":28},"end":{"line":166,"column":29}},"loc":{"start":{"line":170,"column":6},"end":{"line":181,"column":1}},"line":170},"10":{"name":"(anonymous_10)","decl":{"start":{"line":184,"column":33},"end":{"line":184,"column":34}},"loc":{"start":{"line":184,"column":54},"end":{"line":225,"column":1}},"line":184},"11":{"name":"(anonymous_11)","decl":{"start":{"line":212,"column":36},"end":{"line":212,"column":37}},"loc":{"start":{"line":212,"column":51},"end":{"line":216,"column":3}},"line":212},"12":{"name":"(anonymous_12)","decl":{"start":{"line":228,"column":40},"end":{"line":228,"column":41}},"loc":{"start":{"line":228,"column":79},"end":{"line":241,"column":1}},"line":228},"13":{"name":"(anonymous_13)","decl":{"start":{"line":244,"column":26},"end":{"line":244,"column":27}},"loc":{"start":{"line":248,"column":6},"end":{"line":257,"column":1}},"line":248},"14":{"name":"(anonymous_14)","decl":{"start":{"line":259,"column":22},"end":{"line":259,"column":23}},"loc":{"start":{"line":259,"column":58},"end":{"line":265,"column":1}},"line":259},"15":{"name":"(anonymous_15)","decl":{"start":{"line":267,"column":22},"end":{"line":267,"column":23}},"loc":{"start":{"line":267,"column":44},"end":{"line":278,"column":1}},"line":267},"16":{"name":"(anonymous_16)","decl":{"start":{"line":280,"column":26},"end":{"line":280,"column":27}},"loc":{"start":{"line":280,"column":69},"end":{"line":286,"column":1}},"line":280}},"branchMap":{"0":{"loc":{"start":{"line":12,"column":2},"end":{"line":14,"column":3}},"type":"if","locations":[{"start":{"line":12,"column":2},"end":{"line":14,"column":3}},{"start":{},"end":{}}],"line":12},"1":{"loc":{"start":{"line":18,"column":2},"end":{"line":20,"column":3}},"type":"if","locations":[{"start":{"line":18,"column":2},"end":{"line":20,"column":3}},{"start":{},"end":{}}],"line":18},"2":{"loc":{"start":{"line":33,"column":2},"end":{"line":38,"column":3}},"type":"if","locations":[{"start":{"line":33,"column":2},"end":{"line":38,"column":3}},{"start":{},"end":{}}],"line":33},"3":{"loc":{"start":{"line":39,"column":2},"end":{"line":44,"column":3}},"type":"if","locations":[{"start":{"line":39,"column":2},"end":{"line":44,"column":3}},{"start":{},"end":{}}],"line":39},"4":{"loc":{"start":{"line":71,"column":4},"end":{"line":73,"column":5}},"type":"if","locations":[{"start":{"line":71,"column":4},"end":{"line":73,"column":5}},{"start":{},"end":{}}],"line":71},"5":{"loc":{"start":{"line":85,"column":2},"end":{"line":95,"column":3}},"type":"if","locations":[{"start":{"line":85,"column":2},"end":{"line":95,"column":3}},{"start":{"line":90,"column":9},"end":{"line":95,"column":3}}],"line":85},"6":{"loc":{"start":{"line":104,"column":2},"end":{"line":108,"column":3}},"type":"if","locations":[{"start":{"line":104,"column":2},"end":{"line":108,"column":3}},{"start":{"line":106,"column":9},"end":{"line":108,"column":3}}],"line":104},"7":{"loc":{"start":{"line":213,"column":4},"end":{"line":215,"column":5}},"type":"if","locations":[{"start":{"line":213,"column":4},"end":{"line":215,"column":5}},{"start":{},"end":{}}],"line":213},"8":{"loc":{"start":{"line":217,"column":2},"end":{"line":224,"column":3}},"type":"if","locations":[{"start":{"line":217,"column":2},"end":{"line":224,"column":3}},{"start":{"line":219,"column":9},"end":{"line":224,"column":3}}],"line":217},"9":{"loc":{"start":{"line":234,"column":2},"end":{"line":239,"column":3}},"type":"if","locations":[{"start":{"line":234,"column":2},"end":{"line":239,"column":3}},{"start":{},"end":{}}],"line":234},"10":{"loc":{"start":{"line":247,"column":2},"end":{"line":247,"column":22}},"type":"default-arg","locations":[{"start":{"line":247,"column":17},"end":{"line":247,"column":22}}],"line":247},"11":{"loc":{"start":{"line":249,"column":2},"end":{"line":256,"column":3}},"type":"if","locations":[{"start":{"line":249,"column":2},"end":{"line":256,"column":3}},{"start":{"line":254,"column":9},"end":{"line":256,"column":3}}],"line":249},"12":{"loc":{"start":{"line":259,"column":31},"end":{"line":259,"column":41}},"type":"default-arg","locations":[{"start":{"line":259,"column":39},"end":{"line":259,"column":41}}],"line":259},"13":{"loc":{"start":{"line":259,"column":43},"end":{"line":259,"column":51}},"type":"default-arg","locations":[{"start":{"line":259,"column":50},"end":{"line":259,"column":51}}],"line":259},"14":{"loc":{"start":{"line":271,"column":2},"end":{"line":276,"column":3}},"type":"if","locations":[{"start":{"line":271,"column":2},"end":{"line":276,"column":3}},{"start":{},"end":{}}],"line":271},"15":{"loc":{"start":{"line":280,"column":42},"end":{"line":280,"column":52}},"type":"default-arg","locations":[{"start":{"line":280,"column":50},"end":{"line":280,"column":52}}],"line":280},"16":{"loc":{"start":{"line":280,"column":54},"end":{"line":280,"column":62}},"type":"default-arg","locations":[{"start":{"line":280,"column":61},"end":{"line":280,"column":62}}],"line":280}},"s":{"0":1,"1":1,"2":1,"3":1,"4":1,"5":1,"6":0,"7":0,"8":0,"9":0,"10":0,"11":0,"12":0,"13":0,"14":1,"15":0,"16":0,"17":0,"18":0,"19":0,"20":0,"21":0,"22":0,"23":0,"24":0,"25":0,"26":0,"27":0,"28":1,"29":0,"30":0,"31":0,"32":0,"33":0,"34":1,"35":0,"36":0,"37":0,"38":0,"39":1,"40":0,"41":0,"42":0,"43":0,"44":1,"45":0,"46":0,"47":0,"48":0,"49":1,"50":0,"51":0,"52":0,"53":0,"54":1,"55":0,"56":0,"57":0,"58":0,"59":1,"60":0,"61":0,"62":0,"63":0,"64":1,"65":0,"66":0,"67":0,"68":0,"69":0,"70":0,"71":0,"72":0,"73":0,"74":0,"75":1,"76":0,"77":0,"78":0,"79":0,"80":1,"81":0,"82":0,"83":0,"84":0,"85":1,"86":0,"87":0,"88":1,"89":0,"90":0,"91":0,"92":0,"93":1,"94":0,"95":0},"f":{"0":0,"1":0,"2":0,"3":0,"4":0,"5":0,"6":0,"7":0,"8":0,"9":0,"10":0,"11":0,"12":0,"13":0,"14":0,"15":0,"16":0},"b":{"0":[0,0],"1":[0,0],"2":[0,0],"3":[0,0],"4":[0,0],"5":[0,0],"6":[0,0],"7":[0,0],"8":[0,0],"9":[0,0],"10":[0],"11":[0,0],"12":[0],"13":[0],"14":[0,0],"15":[0],"16":[0]},"_coverageSchema":"1a1c01bbd47fc00a2c39e90264f33305004495a9","hash":"a975ad5e73cfe94a5c67edca089bbd33b861fb66"}
,"C:\\Users\\tasha\\Documents\\VS Code\\Web\\fanfiction-project\\back\\seeds\\admin_account.js": {"path":"C:\\Users\\tasha\\Documents\\VS Code\\Web\\fanfiction-project\\back\\seeds\\admin_account.js","statementMap":{"0":{"start":{"line":1,"column":21},"end":{"line":1,"column":52}},"1":{"start":{"line":7,"column":0},"end":{"line":16,"column":2}},"2":{"start":{"line":8,"column":2},"end":{"line":8,"column":65}},"3":{"start":{"line":9,"column":2},"end":{"line":15,"column":5}}},"fnMap":{"0":{"name":"(anonymous_0)","decl":{"start":{"line":7,"column":15},"end":{"line":7,"column":16}},"loc":{"start":{"line":7,"column":37},"end":{"line":16,"column":1}},"line":7}},"branchMap":{},"s":{"0":1,"1":1,"2":1,"3":1},"f":{"0":1},"b":{},"_coverageSchema":"1a1c01bbd47fc00a2c39e90264f33305004495a9","hash":"26223838455b16517c8f2e9165fcf5f0a2464675"}
,"C:\\Users\\tasha\\Documents\\VS Code\\Web\\fanfiction-project\\back\\utils\\ControllerException.js": {"path":"C:\\Users\\tasha\\Documents\\VS Code\\Web\\fanfiction-project\\back\\utils\\ControllerException.js","statementMap":{"0":{"start":{"line":3,"column":8},"end":{"line":3,"column":16}},"1":{"start":{"line":4,"column":8},"end":{"line":4,"column":31}},"2":{"start":{"line":5,"column":8},"end":{"line":5,"column":43}},"3":{"start":{"line":6,"column":8},"end":{"line":6,"column":34}},"4":{"start":{"line":10,"column":0},"end":{"line":10,"column":37}}},"fnMap":{"0":{"name":"(anonymous_0)","decl":{"start":{"line":2,"column":4},"end":{"line":2,"column":5}},"loc":{"start":{"line":2,"column":31},"end":{"line":7,"column":5}},"line":2}},"branchMap":{},"s":{"0":0,"1":0,"2":0,"3":0,"4":1},"f":{"0":0},"b":{},"_coverageSchema":"1a1c01bbd47fc00a2c39e90264f33305004495a9","hash":"bf2463f64b81f4697f1e37d1a2eaf9eb77221f34"}
,"C:\\Users\\tasha\\Documents\\VS Code\\Web\\fanfiction-project\\back\\utils\\confirmationCode.js": {"path":"C:\\Users\\tasha\\Documents\\VS Code\\Web\\fanfiction-project\\back\\utils\\confirmationCode.js","statementMap":{"0":{"start":{"line":1,"column":0},"end":{"line":10,"column":2}},"1":{"start":{"line":2,"column":15},"end":{"line":2,"column":17}},"2":{"start":{"line":4,"column":4},"end":{"line":4,"column":68}},"3":{"start":{"line":5,"column":25},"end":{"line":5,"column":42}},"4":{"start":{"line":6,"column":2},"end":{"line":8,"column":3}},"5":{"start":{"line":6,"column":15},"end":{"line":6,"column":16}},"6":{"start":{"line":7,"column":4},"end":{"line":7,"column":78}},"7":{"start":{"line":9,"column":2},"end":{"line":9,"column":16}}},"fnMap":{"0":{"name":"(anonymous_0)","decl":{"start":{"line":1,"column":23},"end":{"line":1,"column":24}},"loc":{"start":{"line":1,"column":39},"end":{"line":10,"column":1}},"line":1}},"branchMap":{"0":{"loc":{"start":{"line":1,"column":24},"end":{"line":1,"column":34}},"type":"default-arg","locations":[{"start":{"line":1,"column":33},"end":{"line":1,"column":34}}],"line":1}},"s":{"0":1,"1":0,"2":0,"3":0,"4":0,"5":0,"6":0,"7":0},"f":{"0":0},"b":{"0":[0]},"_coverageSchema":"1a1c01bbd47fc00a2c39e90264f33305004495a9","hash":"eaa8e23ca36c1a036c5a68534558279ce9b3a817"}
,"C:\\Users\\tasha\\Documents\\VS Code\\Web\\fanfiction-project\\back\\utils\\db.js": {"path":"C:\\Users\\tasha\\Documents\\VS Code\\Web\\fanfiction-project\\back\\utils\\db.js","statementMap":{"0":{"start":{"line":1,"column":13},"end":{"line":1,"column":28}},"1":{"start":{"line":2,"column":15},"end":{"line":2,"column":37}},"2":{"start":{"line":4,"column":0},"end":{"line":4,"column":30}}},"fnMap":{},"branchMap":{},"s":{"0":1,"1":1,"2":1},"f":{},"b":{},"_coverageSchema":"1a1c01bbd47fc00a2c39e90264f33305004495a9","hash":"cc7d1fd7af192e2e4b943b7e8e6d65d32b4f86dd"}
,"C:\\Users\\tasha\\Documents\\VS Code\\Web\\fanfiction-project\\back\\utils\\passHashing.js": {"path":"C:\\Users\\tasha\\Documents\\VS Code\\Web\\fanfiction-project\\back\\utils\\passHashing.js","statementMap":{"0":{"start":{"line":1,"column":15},"end":{"line":1,"column":32}},"1":{"start":{"line":3,"column":0},"end":{"line":6,"column":2}},"2":{"start":{"line":4,"column":15},"end":{"line":4,"column":39}},"3":{"start":{"line":5,"column":2},"end":{"line":5,"column":43}},"4":{"start":{"line":8,"column":0},"end":{"line":10,"column":2}},"5":{"start":{"line":9,"column":2},"end":{"line":9,"column":52}}},"fnMap":{"0":{"name":"(anonymous_0)","decl":{"start":{"line":3,"column":19},"end":{"line":3,"column":20}},"loc":{"start":{"line":3,"column":39},"end":{"line":6,"column":1}},"line":3},"1":{"name":"(anonymous_1)","decl":{"start":{"line":8,"column":20},"end":{"line":8,"column":21}},"loc":{"start":{"line":8,"column":52},"end":{"line":10,"column":1}},"line":8}},"branchMap":{},"s":{"0":1,"1":1,"2":1,"3":1,"4":1,"5":0},"f":{"0":1,"1":0},"b":{},"_coverageSchema":"1a1c01bbd47fc00a2c39e90264f33305004495a9","hash":"d7e7f96541dddc69d933bda1be8477e1d7b96cae"}
}
