TN:
SF:knexfile.js
FNF:0
FNH:0
DA:1,1
DA:3,1
LF:2
LH:2
BRF:0
BRH:0
end_of_record
TN:
SF:controllers\users.js
FN:8,(anonymous_0)
FN:34,(anonymous_1)
FN:76,(anonymous_2)
FN:85,(anonymous_3)
FN:107,(anonymous_4)
FN:122,(anonymous_5)
FN:137,(anonymous_6)
FN:150,(anonymous_7)
FN:163,(anonymous_8)
FN:176,(anonymous_9)
FN:194,(anonymous_10)
FN:224,(anonymous_11)
FN:240,(anonymous_12)
FN:256,(anonymous_13)
FN:272,(anonymous_14)
FN:281,(anonymous_15)
FN:303,(anonymous_16)
FNF:17
FNH:1
FNDA:0,(anonymous_0)
FNDA:0,(anonymous_1)
FNDA:0,(anonymous_2)
FNDA:0,(anonymous_3)
FNDA:2,(anonymous_4)
FNDA:0,(anonymous_5)
FNDA:0,(anonymous_6)
FNDA:0,(anonymous_7)
FNDA:0,(anonymous_8)
FNDA:0,(anonymous_9)
FNDA:0,(anonymous_10)
FNDA:0,(anonymous_11)
FNDA:0,(anonymous_12)
FNDA:0,(anonymous_13)
FNDA:0,(anonymous_14)
FNDA:0,(anonymous_15)
FNDA:0,(anonymous_16)
DA:1,1
DA:2,1
DA:3,1
DA:4,1
DA:5,1
DA:8,1
DA:9,0
DA:12,0
DA:13,0
DA:15,0
DA:18,0
DA:19,0
DA:21,0
DA:30,0
DA:34,1
DA:35,0
DA:36,0
DA:39,0
DA:40,0
DA:45,0
DA:46,0
DA:51,0
DA:58,0
DA:67,0
DA:76,0
DA:77,0
DA:78,0
DA:81,0
DA:85,1
DA:86,0
DA:91,0
DA:92,0
DA:98,0
DA:103,0
DA:107,1
DA:108,2
DA:111,2
DA:112,0
DA:114,2
DA:115,1
DA:117,1
DA:122,1
DA:123,0
DA:124,0
DA:130,0
DA:132,0
DA:137,1
DA:138,0
DA:139,0
DA:143,0
DA:145,0
DA:150,1
DA:151,0
DA:152,0
DA:156,0
DA:158,0
DA:163,1
DA:164,0
DA:165,0
DA:169,0
DA:171,0
DA:176,1
DA:181,0
DA:182,0
DA:187,0
DA:189,0
DA:194,1
DA:195,0
DA:196,0
DA:203,0
DA:212,0
DA:224,0
DA:225,0
DA:226,0
DA:229,0
DA:230,0
DA:232,0
DA:240,1
DA:241,0
DA:246,0
DA:247,0
DA:252,0
DA:256,1
DA:261,0
DA:262,0
DA:265,0
DA:267,0
DA:272,1
DA:273,0
DA:277,0
DA:281,1
DA:282,0
DA:287,0
DA:288,0
DA:289,0
DA:290,0
DA:291,0
DA:292,0
DA:293,0
DA:294,0
DA:299,0
DA:303,1
DA:304,0
DA:308,0
LF:104
LH:25
BRDA:12,0,0,0
BRDA:12,0,1,0
BRDA:18,1,0,0
BRDA:18,1,1,0
BRDA:39,2,0,0
BRDA:39,2,1,0
BRDA:45,3,0,0
BRDA:45,3,1,0
BRDA:77,4,0,0
BRDA:77,4,1,0
BRDA:91,5,0,0
BRDA:91,5,1,0
BRDA:111,6,0,0
BRDA:111,6,1,2
BRDA:114,7,0,1
BRDA:114,7,1,1
BRDA:225,8,0,0
BRDA:225,8,1,0
BRDA:229,9,0,0
BRDA:229,9,1,0
BRDA:246,10,0,0
BRDA:246,10,1,0
BRDA:259,11,0,0
BRDA:261,12,0,0
BRDA:261,12,1,0
BRDA:272,13,0,0
BRDA:272,14,0,0
BRDA:281,15,0,0
BRDA:293,16,0,0
BRDA:293,16,1,0
BRDA:303,17,0,0
BRDA:303,18,0,0
BRF:32
BRH:3
end_of_record
TN:
SF:seeds\admin_account.js
FN:7,(anonymous_0)
FNF:1
FNH:1
FNDA:2,(anonymous_0)
DA:1,1
DA:7,1
DA:8,2
DA:9,2
LF:4
LH:4
BRF:0
BRH:0
end_of_record
TN:
SF:seeds\wipe.js
FN:5,(anonymous_0)
FNF:1
FNH:1
FNDA:2,(anonymous_0)
DA:5,1
DA:6,2
DA:7,2
DA:8,2
DA:9,2
DA:10,2
DA:11,2
DA:12,2
DA:13,2
DA:14,2
DA:15,2
DA:16,2
DA:17,2
DA:18,2
DA:19,2
DA:20,2
DA:21,2
DA:22,2
DA:23,2
DA:24,2
DA:25,2
DA:26,2
DA:27,2
LF:23
LH:23
BRF:0
BRH:0
end_of_record
TN:
SF:utils\ControllerException.js
FN:2,(anonymous_0)
FNF:1
FNH:1
FNDA:1,(anonymous_0)
DA:3,1
DA:4,1
DA:5,1
DA:6,1
DA:10,1
LF:5
LH:5
BRF:0
BRH:0
end_of_record
TN:
SF:utils\confirmationCode.js
FN:1,(anonymous_0)
FNF:1
FNH:0
FNDA:0,(anonymous_0)
DA:1,1
DA:2,0
DA:4,0
DA:5,0
DA:6,0
DA:7,0
DA:9,0
LF:7
LH:1
BRDA:1,0,0,0
BRF:1
BRH:0
end_of_record
TN:
SF:utils\db.js
FNF:0
FNH:0
DA:1,1
DA:2,1
DA:4,1
LF:3
LH:3
BRF:0
BRH:0
end_of_record
TN:
SF:utils\passHashing.js
FN:3,(anonymous_0)
FN:8,(anonymous_1)
FNF:2
FNH:2
FNDA:2,(anonymous_0)
FNDA:2,(anonymous_1)
DA:1,1
DA:3,1
DA:4,2
DA:5,2
DA:8,1
DA:9,2
LF:6
LH:6
BRF:0
BRH:0
end_of_record
