TN:
SF:knexfile.js
FNF:0
FNH:0
DA:1,1
DA:3,1
LF:2
LH:2
BRF:0
BRH:0
end_of_record
TN:
SF:controllers\users.js
FN:8,(anonymous_0)
FN:28,(anonymous_1)
FN:70,(anonymous_2)
FN:79,(anonymous_3)
FN:100,(anonymous_4)
FN:112,(anonymous_5)
FN:127,(anonymous_6)
FN:140,(anonymous_7)
FN:153,(anonymous_8)
FN:166,(anonymous_9)
FN:184,(anonymous_10)
FN:212,(anonymous_11)
FN:228,(anonymous_12)
FN:244,(anonymous_13)
FN:259,(anonymous_14)
FN:267,(anonymous_15)
FN:280,(anonymous_16)
FNF:17
FNH:0
FNDA:0,(anonymous_0)
FNDA:0,(anonymous_1)
FNDA:0,(anonymous_2)
FNDA:0,(anonymous_3)
FNDA:0,(anonymous_4)
FNDA:0,(anonymous_5)
FNDA:0,(anonymous_6)
FNDA:0,(anonymous_7)
FNDA:0,(anonymous_8)
FNDA:0,(anonymous_9)
FNDA:0,(anonymous_10)
FNDA:0,(anonymous_11)
FNDA:0,(anonymous_12)
FNDA:0,(anonymous_13)
FNDA:0,(anonymous_14)
FNDA:0,(anonymous_15)
FNDA:0,(anonymous_16)
DA:1,1
DA:2,1
DA:3,1
DA:4,1
DA:5,1
DA:8,1
DA:9,0
DA:12,0
DA:13,0
DA:15,0
DA:18,0
DA:19,0
DA:21,0
DA:24,0
DA:28,1
DA:29,0
DA:30,0
DA:33,0
DA:34,0
DA:39,0
DA:40,0
DA:45,0
DA:52,0
DA:61,0
DA:70,0
DA:71,0
DA:72,0
DA:75,0
DA:79,1
DA:80,0
DA:85,0
DA:86,0
DA:91,0
DA:96,0
DA:100,1
DA:101,0
DA:104,0
DA:105,0
DA:107,0
DA:112,1
DA:113,0
DA:114,0
DA:120,0
DA:122,0
DA:127,1
DA:128,0
DA:129,0
DA:133,0
DA:135,0
DA:140,1
DA:141,0
DA:142,0
DA:146,0
DA:148,0
DA:153,1
DA:154,0
DA:155,0
DA:159,0
DA:161,0
DA:166,1
DA:171,0
DA:172,0
DA:177,0
DA:179,0
DA:184,1
DA:185,0
DA:186,0
DA:193,0
DA:202,0
DA:212,0
DA:213,0
DA:214,0
DA:217,0
DA:218,0
DA:220,0
DA:228,1
DA:229,0
DA:234,0
DA:235,0
DA:240,0
DA:244,1
DA:249,0
DA:250,0
DA:253,0
DA:255,0
DA:259,1
DA:260,0
DA:264,0
DA:267,1
DA:268,0
DA:271,0
DA:272,0
DA:277,0
DA:280,1
DA:281,0
DA:285,0
LF:96
LH:20
BRDA:12,0,0,0
BRDA:12,0,1,0
BRDA:18,1,0,0
BRDA:18,1,1,0
BRDA:33,2,0,0
BRDA:33,2,1,0
BRDA:39,3,0,0
BRDA:39,3,1,0
BRDA:71,4,0,0
BRDA:71,4,1,0
BRDA:85,5,0,0
BRDA:85,5,1,0
BRDA:104,6,0,0
BRDA:104,6,1,0
BRDA:213,7,0,0
BRDA:213,7,1,0
BRDA:217,8,0,0
BRDA:217,8,1,0
BRDA:234,9,0,0
BRDA:234,9,1,0
BRDA:247,10,0,0
BRDA:249,11,0,0
BRDA:249,11,1,0
BRDA:259,12,0,0
BRDA:259,13,0,0
BRDA:271,14,0,0
BRDA:271,14,1,0
BRDA:280,15,0,0
BRDA:280,16,0,0
BRF:29
BRH:0
end_of_record
TN:
SF:seeds\admin_account.js
FN:7,(anonymous_0)
FNF:1
FNH:1
FNDA:1,(anonymous_0)
DA:1,1
DA:7,1
DA:8,1
DA:9,1
LF:4
LH:4
BRF:0
BRH:0
end_of_record
TN:
SF:utils\ControllerException.js
FN:2,(anonymous_0)
FNF:1
FNH:0
FNDA:0,(anonymous_0)
DA:3,0
DA:4,0
DA:5,0
DA:6,0
DA:10,1
LF:5
LH:1
BRF:0
BRH:0
end_of_record
TN:
SF:utils\confirmationCode.js
FN:1,(anonymous_0)
FNF:1
FNH:0
FNDA:0,(anonymous_0)
DA:1,1
DA:2,0
DA:4,0
DA:5,0
DA:6,0
DA:7,0
DA:9,0
LF:7
LH:1
BRDA:1,0,0,0
BRF:1
BRH:0
end_of_record
TN:
SF:utils\db.js
FNF:0
FNH:0
DA:1,1
DA:2,1
DA:4,1
LF:3
LH:3
BRF:0
BRH:0
end_of_record
TN:
SF:utils\passHashing.js
FN:3,(anonymous_0)
FN:8,(anonymous_1)
FNF:2
FNH:1
FNDA:1,(anonymous_0)
FNDA:0,(anonymous_1)
DA:1,1
DA:3,1
DA:4,1
DA:5,1
DA:8,1
DA:9,0
LF:6
LH:5
BRF:0
BRH:0
end_of_record
